{"level":"error","message":"¡Gritalo Jose! El logger está funcionando.","timestamp":"2026-03-24 21:03:07"}
{"level":"error","message":"¡Gritalo Jose! El logger está funcionando.","timestamp":"2026-03-24 21:03:16"}
{"level":"error","message":"¡Gritalo Jose! El logger está funcionando.","timestamp":"2026-03-24 21:04:29"}
{"level":"error","message":"¡Gritalo Jose! El logger está funcionando.","timestamp":"2026-03-24 21:05:22"}
{"level":"error","message":"¡Gritalo Jose! El logger está funcionando.","timestamp":"2026-03-25T00:07:17.675Z"}
{"level":"error","message":"¡Gritalo Jose! El logger está funcionando.","timestamp":"2026-03-25T00:13:36.992Z"}
{"level":"error","message":"¡Gritalo Jose! El logger está funcionando.","timestamp":"2026-03-25T00:14:05.254Z"}
{"level":"error","message":"¡Gritalo Jose! El logger está funcionando.","timestamp":"2026-03-25T16:16:33.703Z"}
{"level":"error","message":"¡Gritalo Jose! El logger está funcionando.","timestamp":"2026-03-26T16:15:39.983Z"}
{"level":"error","message":"¡Gritalo Jose! El logger está funcionando.","timestamp":"2026-03-30T22:40:46.997Z"}
{"level":"error","message":"¡Gritalo Jose! El logger está funcionando.","timestamp":"2026-03-30T22:43:01.114Z"}
{"level":"error","message":"¡Gritalo Jose! El logger está funcionando.","timestamp":"2026-03-30T22:43:38.555Z"}
{"level":"error","message":"¡Gritalo Jose! El logger está funcionando.","timestamp":"2026-03-30T22:44:19.374Z"}
{"level":"error","message":"¡Gritalo Jose! El logger está funcionando.","timestamp":"2026-03-30T22:44:39.782Z"}
{"level":"error","message":"¡Gritalo Jose! El logger está funcionando.","timestamp":"2026-03-31T14:09:02.876Z"}
{"level":"error","message":"¡Gritalo Jose! El logger está funcionando.","timestamp":"2026-03-31T14:44:37.811Z"}
{"level":"error","message":"¡Gritalo Jose! El logger está funcionando.","timestamp":"2026-03-31T14:46:36.783Z"}
{"level":"error","message":"¡Gritalo Jose! El logger está funcionando.","timestamp":"2026-03-31T14:46:38.525Z"}
{"level":"error","message":"¡Gritalo Jose! El logger está funcionando.","timestamp":"2026-03-31T14:49:30.621Z"}
{"level":"error","message":"¡Gritalo Jose! El logger está funcionando.","timestamp":"2026-03-31T14:49:43.425Z"}
{"level":"error","message":"¡Gritalo Jose! El logger está funcionando.","timestamp":"2026-03-31T14:51:10.857Z"}
{"level":"error","message":"¡Gritalo Jose! El logger está funcionando.","timestamp":"2026-03-31T14:53:00.736Z"}
{"level":"error","message":"¡Gritalo Jose! El logger está funcionando.","timestamp":"2026-03-31T14:54:57.787Z"}
{"level":"error","message":"¡Gritalo Jose! El logger está funcionando.","timestamp":"2026-03-31T14:54:58.637Z"}
{"level":"error","message":"¡Gritalo Jose! El logger está funcionando.","timestamp":"2026-03-31T15:02:09.749Z"}
{"level":"error","message":"¡Gritalo Jose! El logger está funcionando.","timestamp":"2026-03-31T15:02:16.825Z"}
{"level":"error","message":"¡Gritalo Jose! El logger está funcionando.","timestamp":"2026-03-31T15:16:52.914Z"}
{"level":"error","message":"¡Gritalo Jose! El logger está funcionando.","timestamp":"2026-03-31T15:33:57.137Z"}
{"level":"error","message":"¡Gritalo Jose! El logger está funcionando.","timestamp":"2026-03-31T15:34:13.870Z"}
{"level":"error","message":"¡Gritalo Jose! El logger está funcionando.","timestamp":"2026-03-31T15:34:15.316Z"}
{"level":"error","message":"¡Gritalo Jose! El logger está funcionando.","timestamp":"2026-03-31T15:35:59.707Z"}
{"level":"error","message":"¡Gritalo Jose! El logger está funcionando.","timestamp":"2026-03-31T15:36:45.922Z"}
{"level":"error","message":"¡Gritalo Jose! El logger está funcionando.","timestamp":"2026-03-31T15:41:01.066Z"}
{"level":"error","message":"¡Gritalo Jose! El logger está funcionando.","timestamp":"2026-03-31T15:41:14.328Z"}
{"level":"error","message":"¡Gritalo Jose! El logger está funcionando.","timestamp":"2026-03-31T15:43:39.363Z"}
{"level":"error","message":"¡Gritalo Jose! El logger está funcionando.","timestamp":"2026-03-31T15:43:57.481Z"}
{"level":"error","message":"¡Gritalo Jose! El logger está funcionando.","timestamp":"2026-03-31T15:46:08.267Z"}
{"level":"error","message":"¡Gritalo Jose! El logger está funcionando.","timestamp":"2026-03-31T15:47:03.534Z"}
{"level":"error","message":"¡Gritalo Jose! El logger está funcionando.","timestamp":"2026-03-31T15:48:37.693Z"}
{"level":"error","message":"¡Gritalo Jose! El logger está funcionando.","timestamp":"2026-03-31T15:49:39.404Z"}
{"level":"error","message":"¡Gritalo Jose! El logger está funcionando.","timestamp":"2026-03-31T15:50:04.389Z"}
{"level":"error","message":"¡Gritalo Jose! El logger está funcionando.","timestamp":"2026-03-31T15:50:43.355Z"}
{"level":"error","message":"¡Gritalo Jose! El logger está funcionando.","timestamp":"2026-03-31T15:55:24.877Z"}
{"level":"error","message":"¡Gritalo Jose! El logger está funcionando.","timestamp":"2026-03-31T15:55:55.817Z"}
{"level":"error","message":"¡Gritalo Jose! El logger está funcionando.","timestamp":"2026-03-31T15:56:09.966Z"}
{"level":"error","message":"¡Gritalo Jose! El logger está funcionando.","timestamp":"2026-03-31T15:56:11.886Z"}
{"level":"error","message":"¡Gritalo Jose! El logger está funcionando.","timestamp":"2026-03-31T16:00:21.338Z"}
{"level":"error","message":"¡Gritalo Jose! El logger está funcionando.","timestamp":"2026-03-31T16:02:09.958Z"}
{"level":"error","message":"¡Gritalo Jose! El logger está funcionando.","timestamp":"2026-03-31T16:04:22.286Z"}
{"level":"error","message":"¡Gritalo Jose! El logger está funcionando.","timestamp":"2026-03-31T16:05:21.456Z"}
{"level":"error","message":"¡Gritalo Jose! El logger está funcionando.","timestamp":"2026-03-31T16:06:27.371Z"}
{"level":"error","message":"¡Gritalo Jose! El logger está funcionando.","timestamp":"2026-03-31T16:06:53.370Z"}
{"level":"error","message":"¡Gritalo Jose! El logger está funcionando.","timestamp":"2026-03-31T16:07:08.116Z"}
{"level":"error","message":"¡Gritalo Jose! El logger está funcionando.","timestamp":"2026-04-06T15:32:14.017Z"}
{"level":"error","message":"¡Gritalo Jose! El logger está funcionando.","timestamp":"2026-04-06T16:08:13.293Z"}
{"level":"error","message":"¡Gritalo Jose! El logger está funcionando.","timestamp":"2026-04-06T16:12:19.639Z"}
{"level":"error","message":"¡Gritalo Jose! El logger está funcionando.","timestamp":"2026-04-06T16:12:30.573Z"}
{"level":"error","message":"¡Gritalo Jose! El logger está funcionando.","timestamp":"2026-04-06T16:13:25.579Z"}
{"level":"error","message":"¡Gritalo Jose! El logger está funcionando.","timestamp":"2026-04-06T16:28:31.041Z"}
{"level":"error","message":"¡Gritalo Jose! El logger está funcionando.","timestamp":"2026-04-06T16:33:45.113Z"}
{"level":"error","mensaje":"Bind parameters must not contain undefined. To pass SQL NULL specify JS null","message":"[POST] /api/alta_cuenta | Escuela: 107 | User: Anónimo","stack":"TypeError: Bind parameters must not contain undefined. To pass SQL NULL specify JS null\n    at C:\\Users\\pc\\Desktop\\academias\\server\\node_modules\\mysql2\\lib\\base\\connection.js:660:17\n    at Array.forEach (<anonymous>)\n    at PoolConnection.execute (C:\\Users\\pc\\Desktop\\academias\\server\\node_modules\\mysql2\\lib\\base\\connection.js:652:22)\n    at C:\\Users\\pc\\Desktop\\academias\\server\\node_modules\\mysql2\\lib\\promise\\connection.js:56:11\n    at new Promise (<anonymous>)\n    at PromisePoolConnection.execute (C:\\Users\\pc\\Desktop\\academias\\server\\node_modules\\mysql2\\lib\\promise\\connection.js:53:12)\n    at C:\\Users\\pc\\Desktop\\academias\\server\\build\\utils\\baseDatos.js:54:41\n    at Generator.next (<anonymous>)\n    at C:\\Users\\pc\\Desktop\\academias\\server\\build\\utils\\baseDatos.js:9:71\n    at new Promise (<anonymous>)","timestamp":"2026-04-06T16:33:53.485Z"}
{"level":"error","message":"¡Gritalo Jose! El logger está funcionando.","timestamp":"2026-04-06T16:36:28.413Z"}
{"level":"error","mensaje":"Bind parameters must not contain undefined. To pass SQL NULL specify JS null","message":"[POST] /api/alta_cuenta | Escuela: 107 | User: Anónimo","stack":"TypeError: Bind parameters must not contain undefined. To pass SQL NULL specify JS null\n    at C:\\Users\\pc\\Desktop\\academias\\server\\node_modules\\mysql2\\lib\\base\\connection.js:660:17\n    at Array.forEach (<anonymous>)\n    at PoolConnection.execute (C:\\Users\\pc\\Desktop\\academias\\server\\node_modules\\mysql2\\lib\\base\\connection.js:652:22)\n    at C:\\Users\\pc\\Desktop\\academias\\server\\node_modules\\mysql2\\lib\\promise\\connection.js:56:11\n    at new Promise (<anonymous>)\n    at PromisePoolConnection.execute (C:\\Users\\pc\\Desktop\\academias\\server\\node_modules\\mysql2\\lib\\promise\\connection.js:53:12)\n    at C:\\Users\\pc\\Desktop\\academias\\server\\build\\utils\\baseDatos.js:54:41\n    at Generator.next (<anonymous>)\n    at C:\\Users\\pc\\Desktop\\academias\\server\\build\\utils\\baseDatos.js:9:71\n    at new Promise (<anonymous>)","timestamp":"2026-04-06T16:36:34.095Z"}
{"level":"error","message":"¡Gritalo Jose! El logger está funcionando.","timestamp":"2026-04-06T16:39:20.733Z"}
{"level":"error","mensaje":"Bind parameters must not contain undefined. To pass SQL NULL specify JS null","message":"[POST] /api/alta_cuenta | Escuela: 107 | User: Anónimo","stack":"TypeError: Bind parameters must not contain undefined. To pass SQL NULL specify JS null\n    at C:\\Users\\pc\\Desktop\\academias\\server\\node_modules\\mysql2\\lib\\base\\connection.js:660:17\n    at Array.forEach (<anonymous>)\n    at PoolConnection.execute (C:\\Users\\pc\\Desktop\\academias\\server\\node_modules\\mysql2\\lib\\base\\connection.js:652:22)\n    at C:\\Users\\pc\\Desktop\\academias\\server\\node_modules\\mysql2\\lib\\promise\\connection.js:56:11\n    at new Promise (<anonymous>)\n    at PromisePoolConnection.execute (C:\\Users\\pc\\Desktop\\academias\\server\\node_modules\\mysql2\\lib\\promise\\connection.js:53:12)\n    at C:\\Users\\pc\\Desktop\\academias\\server\\build\\utils\\baseDatos.js:54:41\n    at Generator.next (<anonymous>)\n    at C:\\Users\\pc\\Desktop\\academias\\server\\build\\utils\\baseDatos.js:9:71\n    at new Promise (<anonymous>)","timestamp":"2026-04-06T16:39:27.742Z"}
{"level":"error","message":"¡Gritalo Jose! El logger está funcionando.","timestamp":"2026-04-06T16:42:30.483Z"}
{"level":"error","message":"¡Gritalo Jose! El logger está funcionando.","timestamp":"2026-04-06T16:53:08.557Z"}
{"level":"error","message":"¡Gritalo Jose! El logger está funcionando.","timestamp":"2026-04-06T16:53:16.111Z"}
{"level":"error","message":"¡Gritalo Jose! El logger está funcionando.","timestamp":"2026-04-06T16:53:21.737Z"}
{"level":"error","message":"¡Gritalo Jose! El logger está funcionando.","timestamp":"2026-04-06T16:55:42.264Z"}
{"level":"error","message":"¡Gritalo Jose! El logger está funcionando.","timestamp":"2026-04-06T17:02:22.794Z"}
{"level":"error","message":"¡Gritalo Jose! El logger está funcionando.","timestamp":"2026-04-06T17:03:35.131Z"}
{"level":"error","message":"¡Gritalo Jose! El logger está funcionando.","timestamp":"2026-04-06T18:14:51.742Z"}
{"level":"error","message":"¡Gritalo Jose! El logger está funcionando.","timestamp":"2026-04-06T18:15:28.705Z"}
{"level":"error","message":"¡Gritalo Jose! El logger está funcionando.","timestamp":"2026-04-06T18:15:31.943Z"}
{"level":"error","message":"¡Gritalo Jose! El logger está funcionando.","timestamp":"2026-04-06T18:17:17.972Z"}
{"level":"error","message":"¡Gritalo Jose! El logger está funcionando.","timestamp":"2026-04-06T18:20:03.776Z"}
{"level":"error","message":"¡Gritalo Jose! El logger está funcionando.","timestamp":"2026-04-06T18:22:09.753Z"}
{"level":"error","message":"¡Gritalo Jose! El logger está funcionando.","timestamp":"2026-04-06T18:28:46.440Z"}
{"level":"error","message":"¡Gritalo Jose! El logger está funcionando.","timestamp":"2026-04-06T18:30:19.124Z"}
{"level":"error","message":"¡Gritalo Jose! El logger está funcionando.","timestamp":"2026-04-06T19:30:01.203Z"}
{"level":"error","message":"¡Gritalo Jose! El logger está funcionando.","timestamp":"2026-04-06T19:37:52.496Z"}
{"level":"error","message":"¡Gritalo Jose! El logger está funcionando.","timestamp":"2026-04-06T19:43:46.555Z"}
{"level":"error","message":"¡Gritalo Jose! El logger está funcionando.","timestamp":"2026-04-06T19:57:06.125Z"}
{"level":"error","message":"¡Gritalo Jose! El logger está funcionando.","timestamp":"2026-04-06T19:57:44.588Z"}
{"level":"error","message":"¡Gritalo Jose! El logger está funcionando.","timestamp":"2026-04-06T19:58:20.135Z"}
{"level":"error","message":"¡Gritalo Jose! El logger está funcionando.","timestamp":"2026-04-06T20:03:48.339Z"}
{"level":"error","message":"¡Gritalo Jose! El logger está funcionando.","timestamp":"2026-04-06T20:24:39.960Z"}
{"level":"error","message":"¡Gritalo Jose! El logger está funcionando.","timestamp":"2026-04-06T20:25:02.524Z"}
{"level":"error","message":"¡Gritalo Jose! El logger está funcionando.","timestamp":"2026-04-06T20:38:20.074Z"}
{"level":"error","message":"¡Gritalo Jose! El logger está funcionando.","timestamp":"2026-04-06T21:09:02.645Z"}
{"level":"error","message":"¡Gritalo Jose! El logger está funcionando.","timestamp":"2026-04-06T21:26:36.230Z"}
{"level":"error","message":"¡Gritalo Jose! El logger está funcionando.","timestamp":"2026-04-06T21:27:09.941Z"}
{"level":"error","message":"¡Gritalo Jose! El logger está funcionando.","timestamp":"2026-04-06T21:27:32.362Z"}
{"level":"error","message":"¡Gritalo Jose! El logger está funcionando.","timestamp":"2026-04-06T21:27:42.787Z"}
{"level":"error","message":"¡Gritalo Jose! El logger está funcionando.","timestamp":"2026-04-06T21:29:22.528Z"}
{"level":"error","message":"¡Gritalo Jose! El logger está funcionando.","timestamp":"2026-04-06T21:33:28.446Z"}
{"level":"error","message":"¡Gritalo Jose! El logger está funcionando.","timestamp":"2026-04-06T21:33:58.123Z"}
{"level":"error","message":"¡Gritalo Jose! El logger está funcionando.","timestamp":"2026-04-06T21:34:55.361Z"}
{"level":"error","message":"¡Gritalo Jose! El logger está funcionando.","timestamp":"2026-04-06T21:51:37.096Z"}
{"level":"error","message":"¡Gritalo Jose! El logger está funcionando.","timestamp":"2026-04-06T21:53:57.434Z"}
{"level":"error","message":"¡Gritalo Jose! El logger está funcionando.","timestamp":"2026-04-06T21:53:59.016Z"}
{"level":"error","message":"¡Gritalo Jose! El logger está funcionando.","timestamp":"2026-04-06T21:54:22.534Z"}
{"level":"error","message":"¡Gritalo Jose! El logger está funcionando.","timestamp":"2026-04-06T22:06:48.037Z"}
{"level":"error","message":"¡Gritalo Jose! El logger está funcionando.","timestamp":"2026-04-06T22:07:10.134Z"}
{"level":"error","message":"¡Gritalo Jose! El logger está funcionando.","timestamp":"2026-04-06T22:07:24.823Z"}
{"level":"error","message":"¡Gritalo Jose! El logger está funcionando.","timestamp":"2026-04-06T22:08:30.647Z"}
{"level":"error","message":"¡Gritalo Jose! El logger está funcionando.","timestamp":"2026-04-06T22:09:45.226Z"}
{"level":"error","message":"¡Gritalo Jose! El logger está funcionando.","timestamp":"2026-04-06T22:11:01.328Z"}
{"level":"error","message":"¡Gritalo Jose! El logger está funcionando.","timestamp":"2026-04-06T22:12:11.409Z"}
{"level":"error","message":"¡Gritalo Jose! El logger está funcionando.","timestamp":"2026-04-06T22:12:31.589Z"}
{"level":"error","message":"¡Gritalo Jose! El logger está funcionando.","timestamp":"2026-04-06T22:17:25.214Z"}
{"level":"error","message":"¡Gritalo Jose! El logger está funcionando.","timestamp":"2026-04-06T22:18:01.850Z"}
{"level":"error","message":"¡Gritalo Jose! El logger está funcionando.","timestamp":"2026-04-06T22:19:46.222Z"}
{"level":"error","message":"¡Gritalo Jose! El logger está funcionando.","timestamp":"2026-04-06T22:22:23.709Z"}
{"level":"error","message":"¡Gritalo Jose! El logger está funcionando.","timestamp":"2026-04-06T22:56:14.024Z"}
{"level":"error","message":"¡Gritalo Jose! El logger está funcionando.","timestamp":"2026-04-06T22:57:58.075Z"}
{"level":"error","message":"¡Gritalo Jose! El logger está funcionando.","timestamp":"2026-04-06T22:58:04.198Z"}
{"level":"error","message":"¡Gritalo Jose! El logger está funcionando.","timestamp":"2026-04-06T22:58:17.473Z"}
{"level":"error","message":"¡Gritalo Jose! El logger está funcionando.","timestamp":"2026-04-06T22:58:28.698Z"}
{"level":"error","message":"¡Gritalo Jose! El logger está funcionando.","timestamp":"2026-04-06T23:00:02.334Z"}
{"level":"error","message":"¡Gritalo Jose! El logger está funcionando.","timestamp":"2026-04-06T23:06:27.084Z"}
{"level":"error","message":"¡Gritalo Jose! El logger está funcionando.","timestamp":"2026-04-06T23:09:18.444Z"}
{"level":"error","message":"¡Gritalo Jose! El logger está funcionando.","timestamp":"2026-04-06T23:10:06.814Z"}
{"level":"error","message":"¡Gritalo Jose! El logger está funcionando.","timestamp":"2026-04-06T23:10:13.266Z"}
{"level":"error","message":"¡Gritalo Jose! El logger está funcionando.","timestamp":"2026-04-06T23:11:52.585Z"}
{"level":"error","message":"¡Gritalo Jose! El logger está funcionando.","timestamp":"2026-04-06T23:12:08.702Z"}
{"level":"error","message":"¡Gritalo Jose! El logger está funcionando.","timestamp":"2026-04-06T23:12:20.823Z"}
{"level":"error","message":"¡Gritalo Jose! El logger está funcionando.","timestamp":"2026-04-06T23:16:29.421Z"}
{"level":"error","message":"¡Gritalo Jose! El logger está funcionando.","timestamp":"2026-04-06T23:16:35.873Z"}
{"level":"error","message":"¡Gritalo Jose! El logger está funcionando.","timestamp":"2026-04-06T23:17:26.752Z"}
{"level":"error","message":"¡Gritalo Jose! El logger está funcionando.","timestamp":"2026-04-06T23:17:43.896Z"}
{"level":"error","message":"¡Gritalo Jose! El logger está funcionando.","timestamp":"2026-04-06T23:18:02.598Z"}
{"level":"error","message":"¡Gritalo Jose! El logger está funcionando.","timestamp":"2026-04-06T23:19:56.433Z"}
{"level":"error","message":"¡Gritalo Jose! El logger está funcionando.","timestamp":"2026-04-06T23:20:32.869Z"}
{"level":"error","message":"¡Gritalo Jose! El logger está funcionando.","timestamp":"2026-04-06T23:21:14.608Z"}
{"level":"error","message":"¡Gritalo Jose! El logger está funcionando.","timestamp":"2026-04-07T14:35:12.422Z"}
{"level":"error","message":"¡Gritalo Jose! El logger está funcionando.","timestamp":"2026-04-07T14:42:35.642Z"}
{"level":"error","message":"¡Gritalo Jose! El logger está funcionando.","timestamp":"2026-04-07T14:48:45.282Z"}
{"level":"error","message":"¡Gritalo Jose! El logger está funcionando.","timestamp":"2026-04-07T15:01:52.247Z"}
{"level":"error","message":"¡Gritalo Jose! El logger está funcionando.","timestamp":"2026-04-07T15:03:38.482Z"}
{"level":"error","mensaje":"Unknown system variable 'nombre_cuenta'","message":"[PUT] /api/mod_cuenta/10/107 | Escuela: N/A | User: Anónimo","stack":"Error: Unknown system variable 'nombre_cuenta'\n    at PromisePoolConnection.execute (C:\\Users\\pc\\Desktop\\academias\\server\\node_modules\\mysql2\\lib\\promise\\connection.js:47:22)\n    at C:\\Users\\pc\\Desktop\\academias\\server\\build\\utils\\baseDatos.js:64:43\n    at Generator.next (<anonymous>)\n    at C:\\Users\\pc\\Desktop\\academias\\server\\build\\utils\\baseDatos.js:9:71\n    at new Promise (<anonymous>)\n    at __awaiter (C:\\Users\\pc\\Desktop\\academias\\server\\build\\utils\\baseDatos.js:5:12)\n    at C:\\Users\\pc\\Desktop\\academias\\server\\build\\utils\\baseDatos.js:62:58\n    at C:\\Users\\pc\\Desktop\\academias\\server\\build\\utils\\baseDatos.js:33:30\n    at Generator.next (<anonymous>)\n    at fulfilled (C:\\Users\\pc\\Desktop\\academias\\server\\build\\utils\\baseDatos.js:6:58)","timestamp":"2026-04-07T15:03:58.501Z"}
{"level":"error","message":"¡Gritalo Jose! El logger está funcionando.","timestamp":"2026-04-07T15:09:13.101Z"}
{"level":"error","mensaje":"Unknown system variable 'nombre_cuenta'","message":"[PUT] /api/mod_cuenta/10/107 | Escuela: N/A | User: Anónimo","stack":"Error: Unknown system variable 'nombre_cuenta'\n    at PromisePoolConnection.execute (C:\\Users\\pc\\Desktop\\academias\\server\\node_modules\\mysql2\\lib\\promise\\connection.js:47:22)\n    at C:\\Users\\pc\\Desktop\\academias\\server\\build\\utils\\baseDatos.js:64:43\n    at Generator.next (<anonymous>)\n    at C:\\Users\\pc\\Desktop\\academias\\server\\build\\utils\\baseDatos.js:9:71\n    at new Promise (<anonymous>)\n    at __awaiter (C:\\Users\\pc\\Desktop\\academias\\server\\build\\utils\\baseDatos.js:5:12)\n    at C:\\Users\\pc\\Desktop\\academias\\server\\build\\utils\\baseDatos.js:62:58\n    at C:\\Users\\pc\\Desktop\\academias\\server\\build\\utils\\baseDatos.js:33:30\n    at Generator.next (<anonymous>)\n    at fulfilled (C:\\Users\\pc\\Desktop\\academias\\server\\build\\utils\\baseDatos.js:6:58)","timestamp":"2026-04-07T15:09:37.239Z"}
{"level":"error","message":"¡Gritalo Jose! El logger está funcionando.","timestamp":"2026-04-07T15:12:11.249Z"}
{"level":"error","mensaje":"You have an error in your SQL syntax; check the manual that corresponds to your MySQL server version for the right syntax to use near 'nombre_cuenta = ?, \n                                tipo_cuenta = ?\n            ' at line 2","message":"[PUT] /api/mod_cuenta/10/107 | Escuela: N/A | User: Anónimo","stack":"Error: You have an error in your SQL syntax; check the manual that corresponds to your MySQL server version for the right syntax to use near 'nombre_cuenta = ?, \n                                tipo_cuenta = ?\n            ' at line 2\n    at PromisePoolConnection.execute (C:\\Users\\pc\\Desktop\\academias\\server\\node_modules\\mysql2\\lib\\promise\\connection.js:47:22)\n    at C:\\Users\\pc\\Desktop\\academias\\server\\build\\utils\\baseDatos.js:64:43\n    at Generator.next (<anonymous>)\n    at C:\\Users\\pc\\Desktop\\academias\\server\\build\\utils\\baseDatos.js:9:71\n    at new Promise (<anonymous>)\n    at __awaiter (C:\\Users\\pc\\Desktop\\academias\\server\\build\\utils\\baseDatos.js:5:12)\n    at C:\\Users\\pc\\Desktop\\academias\\server\\build\\utils\\baseDatos.js:62:58\n    at C:\\Users\\pc\\Desktop\\academias\\server\\build\\utils\\baseDatos.js:33:30\n    at Generator.next (<anonymous>)\n    at fulfilled (C:\\Users\\pc\\Desktop\\academias\\server\\build\\utils\\baseDatos.js:6:58)","timestamp":"2026-04-07T15:12:21.176Z"}
{"level":"error","message":"¡Gritalo Jose! El logger está funcionando.","timestamp":"2026-04-07T15:14:17.498Z"}
{"level":"error","message":"¡Gritalo Jose! El logger está funcionando.","timestamp":"2026-04-07T15:18:56.939Z"}
{"level":"error","message":"¡Gritalo Jose! El logger está funcionando.","timestamp":"2026-04-07T15:19:53.069Z"}
{"level":"error","message":"¡Gritalo Jose! El logger está funcionando.","timestamp":"2026-04-07T15:20:02.446Z"}
{"level":"error","message":"¡Gritalo Jose! El logger está funcionando.","timestamp":"2026-04-07T15:20:25.579Z"}
{"level":"error","message":"¡Gritalo Jose! El logger está funcionando.","timestamp":"2026-04-07T15:21:15.550Z"}
{"level":"error","message":"¡Gritalo Jose! El logger está funcionando.","timestamp":"2026-04-07T15:21:41.506Z"}
{"level":"error","message":"¡Gritalo Jose! El logger está funcionando.","timestamp":"2026-04-07T15:21:49.713Z"}
{"level":"error","message":"¡Gritalo Jose! El logger está funcionando.","timestamp":"2026-04-07T15:23:54.905Z"}
{"level":"error","message":"¡Gritalo Jose! El logger está funcionando.","timestamp":"2026-04-07T15:51:16.568Z"}
{"level":"error","message":"¡Gritalo Jose! El logger está funcionando.","timestamp":"2026-04-07T15:53:27.003Z"}
{"level":"error","message":"¡Gritalo Jose! El logger está funcionando.","timestamp":"2026-04-07T15:56:27.451Z"}
{"level":"error","message":"¡Gritalo Jose! El logger está funcionando.","timestamp":"2026-04-07T15:57:59.671Z"}
{"level":"error","message":"¡Gritalo Jose! El logger está funcionando.","timestamp":"2026-04-07T15:58:44.086Z"}
{"level":"error","message":"¡Gritalo Jose! El logger está funcionando.","timestamp":"2026-04-07T16:45:08.417Z"}
{"level":"error","message":"¡Gritalo Jose! El logger está funcionando.","timestamp":"2026-04-07T16:49:45.616Z"}
{"level":"error","message":"¡Gritalo Jose! El logger está funcionando.","timestamp":"2026-04-07T16:52:42.185Z"}
{"level":"error","message":"¡Gritalo Jose! El logger está funcionando.","timestamp":"2026-04-07T16:52:52.185Z"}
{"level":"error","message":"¡Gritalo Jose! El logger está funcionando.","timestamp":"2026-04-07T16:53:37.117Z"}
{"level":"error","message":"¡Gritalo Jose! El logger está funcionando.","timestamp":"2026-04-07T16:54:16.852Z"}
{"level":"error","message":"¡Gritalo Jose! El logger está funcionando.","timestamp":"2026-04-07T16:54:46.289Z"}
{"level":"error","message":"¡Gritalo Jose! El logger está funcionando.","timestamp":"2026-04-07T16:55:01.992Z"}
{"level":"error","message":"¡Gritalo Jose! El logger está funcionando.","timestamp":"2026-04-07T16:55:24.549Z"}
{"level":"error","message":"¡Gritalo Jose! El logger está funcionando.","timestamp":"2026-04-07T16:58:03.495Z"}
{"level":"error","message":"¡Gritalo Jose! El logger está funcionando.","timestamp":"2026-04-07T16:58:21.071Z"}
{"level":"error","message":"¡Gritalo Jose! El logger está funcionando.","timestamp":"2026-04-07T16:58:23.707Z"}
{"level":"error","message":"¡Gritalo Jose! El logger está funcionando.","timestamp":"2026-04-07T16:58:27.030Z"}
{"level":"error","message":"¡Gritalo Jose! El logger está funcionando.","timestamp":"2026-04-07T16:58:30.270Z"}
{"level":"error","message":"¡Gritalo Jose! El logger está funcionando.","timestamp":"2026-04-07T16:59:34.620Z"}
{"level":"error","message":"¡Gritalo Jose! El logger está funcionando.","timestamp":"2026-04-07T22:23:14.328Z"}
{"level":"error","message":"¡Gritalo Jose! El logger está funcionando.","timestamp":"2026-04-07T22:23:58.860Z"}
{"level":"error","message":"¡Gritalo Jose! El logger está funcionando.","timestamp":"2026-04-07T22:24:28.205Z"}
{"level":"error","message":"¡Gritalo Jose! El logger está funcionando.","timestamp":"2026-04-07T22:27:27.346Z"}
{"level":"error","message":"¡Gritalo Jose! El logger está funcionando.","timestamp":"2026-04-07T22:27:49.847Z"}
{"level":"error","message":"¡Gritalo Jose! El logger está funcionando.","timestamp":"2026-04-07T22:37:25.333Z"}
{"level":"error","message":"¡Gritalo Jose! El logger está funcionando.","timestamp":"2026-04-07T22:38:43.021Z"}
{"level":"error","message":"¡Gritalo Jose! El logger está funcionando.","timestamp":"2026-04-07T22:40:21.653Z"}
{"level":"error","message":"¡Gritalo Jose! El logger está funcionando.","timestamp":"2026-04-07T22:43:04.038Z"}
{"level":"error","message":"¡Gritalo Jose! El logger está funcionando.","timestamp":"2026-04-07T22:43:12.765Z"}
{"level":"error","message":"¡Gritalo Jose! El logger está funcionando.","timestamp":"2026-04-07T22:45:03.895Z"}
{"level":"error","message":"¡Gritalo Jose! El logger está funcionando.","timestamp":"2026-04-07T22:45:42.436Z"}
{"level":"error","message":"¡Gritalo Jose! El logger está funcionando.","timestamp":"2026-04-07T22:53:02.805Z"}
{"level":"error","message":"¡Gritalo Jose! El logger está funcionando.","timestamp":"2026-04-07T22:54:57.764Z"}
{"level":"error","message":"¡Gritalo Jose! El logger está funcionando.","timestamp":"2026-04-07T22:55:12.284Z"}
{"level":"error","message":"¡Gritalo Jose! El logger está funcionando.","timestamp":"2026-04-07T22:56:29.456Z"}
{"level":"error","message":"¡Gritalo Jose! El logger está funcionando.","timestamp":"2026-04-07T22:57:10.197Z"}
{"level":"error","message":"¡Gritalo Jose! El logger está funcionando.","timestamp":"2026-04-07T22:57:50.887Z"}
{"level":"error","message":"¡Gritalo Jose! El logger está funcionando.","timestamp":"2026-04-07T22:57:57.102Z"}
{"level":"error","message":"¡Gritalo Jose! El logger está funcionando.","timestamp":"2026-04-07T22:58:03.710Z"}
{"level":"error","message":"¡Gritalo Jose! El logger está funcionando.","timestamp":"2026-04-07T22:59:25.703Z"}
